Input Global Data, end with "end"
CIRCLEPLOT bool true
DISTANCEPLOT bool true
PRINTDISTANCEDATA bool true
GLITCHESONLY bool false
PLOT 2doubles 3 4
PERTURBBY double 0.05
GLITCHLEVEL double -1.79769e+308
BOUNDARYWINDOW double 0.065
FRAMESPERPATH int 200
STEPSPERFRAME int 100
TRIALS int 10
ALLBLACK bool false
FILEPREFIX string 4-4
GRAPHSIZE int 0
BORDER int 0
PLOTSIZE int 0
CIRCLEPLOTSIZE int 2000
CIRCLERADIUS int 300
CIRCLESTROKEWIDTH int 30
G6LINEWIDTH int 3
DELONELINEWIDTH int 10
AXISWIDTH int 6
TICLENGTH int 20
VECTOR g6 
PERTURB g6Perturb 
MOVIEMODE MovieMode STAR
FOLLOWERMODE FollowerMode Follow
FIXRANDOMSEED fixRandomSeed true
RANDOMSEED int 19
TIMESTAMP bool true
END end 




minimum percent violation to report  -1.79769e+308


-19   test# 1    violation -63.6618%
Output File 4-4_2017-10-28.13_39_57.4823.svg
(1,3) 417.138   (2,3) 407.296   (1,3) 631.196
red 	83.3765 45.792 0.540074 -408.088 -883.051 -569.987 XX
red 	-27.6638 19.1064 2.34291 -40.7999 -131.043 -976.65 XX
red 	9.17761 -206.926 -117.581 -358.382 -64.2086 -328.52 XX
worst case -----------------     -37.9957%
worst case distances, (12), (13), (23)  336.83  519.06  620.229
	-65.5824 -1037.33 -0.782715 -120.053 -457.919 -452.45 XX
	-37.5069 -513.306 -2.55942 -8.84508 -146.775 -1126.45 XX
	-47.712 -134.978 -425.097 -590.158 -67.9142 -540.388 XX



-19   test# 2    violation -7.88922%
Output File 4-4_2017-10-28.14_09_29.6784.svg
(1,3) 554.535   (2,3) 485.412   (1,3) 188.84
red 	-75.6566 46.8545 -47.6331 -927.237 -70.631 -217.02 XX
red 	103.072 32.8294 -64.5523 -523.578 -567.704 -725.927 XX
red 	19.9557 -58.885 -30.3823 -460.855 -421.092 -662.499 XX
worst case -----------------     -56.9158%
worst case distances, (12), (13), (23)  460.092  281.18  440.777
	-31.1808 -60.827 -626.775 -751.267 -16.2915 -1003.97 XX
	-50.8581 -12.0795 -1167.1 -52.374 -325.051 -584.557 XX
	-1.72643 -111.272 -783.556 -578.006 -79.382 -873.321 XX

  0.00000   0.00000   0.00000   0.00000   0.00000   0.00000 


-19   test# 3    violation -24.0447%
Output File 4-4_2017-10-28.14_37_37.3d6c.svg
(1,3) 399.968   (2,3) 165.639   (1,3) 214.046
red 	41.5227 22.2355 2.03675 -105.775 -815.18 -687.511 XX
red 	10.4805 25.4091 -25.33 -950.451 -223.511 -221.332 XX
red 	36.1932 52.8012 3.56706 -518.256 -203.157 -951.269 XX
worst case -----------------     -2.3133%
worst case distances, (12), (13), (23)  615.896  1027.29  435.157
	-110.474 -45.5672 -110.13 -880.653 -3911.45 -650.229 XX
	-136.675 -70.162 -82.4897 -811.994 -3445.64 -1246.84 XX
	-107.439 -75.2598 -83.9534 -1387.21 -3109.57 -1042.83 XX



-19   test# 4    violation 8.79052%
Output File 4-4_2017-10-28.15_06_44.72ae.svg
(1,3) 151.658   (2,3) 189.859   (1,3) 275.246
red 	1.86141 117.147 27.7865 -1037.41 -213.534 -453.177 XX
red 	9.43884 -80.4035 24.2847 -881.997 -55.3072 -230.53 XX
red 	144.749 -8.79159 -61.8359 -140.625 -613.261 -894.04 XX
worst case -----------------     -62.0402%
worst case distances, (12), (13), (23)  284.18  271.528  188.958
	-9.25431 -143.113 -157.281 -350.058 -55.8361 -645.615 XX
	-10.9838 -104.375 -191.858 -768.465 -12.6047 -263.171 XX
	-16.2471 -841.347 -20.1236 -80.1124 -18.4815 -247.606 XX



-19   test# 5    violation -33.2874%
Output File 4-4_2017-10-28.15_34_27.5f90.svg
(1,3) 261.771   (2,3) 200.037   (1,3) 110.474
red 	61.8066 -17.391 148.415 -810.664 -818.713 -295.869 XX
red 	42.2167 -48.3853 -16.0847 -712.279 -350.425 -517.251 XX
red 	3.55396 -24.8055 70.7439 -665.963 -381.38 -684.964 XX
worst case -----------------     -46.276%
worst case distances, (12), (13), (23)  390.5  496.229  335.364
	-885.045 -1141.86 -329.81 -38.6466 -137.348 -382.791 XX
	-787.16 -1367.34 -168.966 -68.9521 -118.193 -637.562 XX
	-723.236 -1152.26 -253.866 -45.8964 -80.3899 -877.156 XX

  0.00000   0.00000   0.00000   0.00000   0.00000   0.00000 


-19   test# 6    violation -17.9309%
Output File 4-4_2017-10-28.16_01_34.6df1.svg
(1,3) 47.5087   (2,3) 186.251   (1,3) 203.042
red 	1.04532 9.05159 7.56389 -793.601 -9.51926 -639.169 XX
red 	-17.1394 -24.7928 4.93727 -740.678 -630.03 -31.522 XX
red 	-62.5288 34.4086 -44.6161 -829.435 -401.171 -62.8613 XX
worst case -----------------     59.5496%
worst case distances, (12), (13), (23)  57.572  224.091  696.316
	-0.13663 -0.273063 -0.632909 -720.861 -0.149707 -633.825 XX
	-11.905 -744.188 -5.0402 -19.3193 -618.818 -49.1564 XX
	-27.6323 -34.2439 -802.845 -9.76882 -431.555 -40.895 XX



-19   test# 7    violation -24.5709%
Output File 4-4_2017-10-28.16_30_03.41bb.svg
(1,3) 386.011   (2,3) 357.514   (1,3) 124.773
red 	-4.73672 -27.4529 26.5324 -951.411 -303.536 -55.9446 XX
red 	45.3704 -20.0908 -23.5642 -11.468 -774.844 -671.674 XX
red 	-43.137 -5.76099 26.6025 -770.011 -182.374 -574.62 XX
worst case -----------------     -21.6417%
worst case distances, (12), (13), (23)  770.771  1130.19  604.008
	-69.2785 -87.1711 -108.823 -2428.26 -11.9775 -2072.5 XX
	-1990.67 -22.6237 -32.8192 -804.75 -38.175 -2113.24 XX
	-2033.57 -43.5 -32.8868 -979.962 -75.1835 -1538.37 XX



-19   test# 8    violation -70.1413%
Output File 4-4_2017-10-28.16_59_52.1eb.svg
(1,3) 210.885   (2,3) 233.045   (1,3) 308.715
red 	187.859 3.21021 91.1934 -437.332 -743.13 -892.897 XX
red 	243.873 54.7654 -32.6756 -89.943 -767.381 -955.823 XX
red 	29.6814 64.376 1.30204 -950.546 -109.124 -530.858 XX
worst case -----------------     -46.1282%
worst case distances, (12), (13), (23)  540.71  386.465  403.665
	-24.2367 -487.891 -65.1438 -481.567 -36.2736 -627.7 XX
	-110.85 -241.392 -27.1619 -292.225 -789.527 -648.464 XX
	-532.68 -10.2478 -334.571 -50.8169 -345.824 -864.184 XX



-19   test# 9    violation 2.44417%
Output File 4-4_2017-10-28.17_28_25.2ea6.svg
(1,3) 422.588   (2,3) 423.588   (1,3) 253.145
red 	-29.6238 -50.0357 1.78185 -77.0849 -152.664 -888.933 XX
red 	-58.1781 272.243 -25.9139 -549.48 -30.1159 -977.194 XX
red 	114.489 4.01879 14.7346 -33.9791 -889.143 -725.902 XX
worst case -----------------     -31.1791%
worst case distances, (12), (13), (23)  632.301  440.526  388.921
	-5770.13 -97.4164 -4.46497 -36.5345 -1004.28 -4480.95 XX
	-5349.64 -103.737 -122.176 -12.6059 -909.798 -4927.72 XX
	-183.377 -5437.5 -96.9977 -786.842 -119.791 -4596.12 XX



-19   test# 10    violation -26.1213%
Output File 4-4_2017-10-28.17_57_59.153c.svg
(1,3) 447.02   (2,3) 373.569   (1,3) 494.646
red 	70.9247 -35.3037 39.4008 -96.5763 -883.871 -637.085 XX
red 	5.76412 7.42879 -50.4929 -942.042 -85.754 -57.7752 XX
red 	-221.379 23.5266 -45.6382 -238.44 -192.441 -519.387 XX
worst case -----------------     -12.0563%
worst case distances, (12), (13), (23)  889.14  1142.41  391.008
	-13.5069 -10.4802 -91.8053 -134.956 -1685.79 -57.0716 XX
	-183.221 -29.312 -992.682 -57.7268 -289.976 -528.953 XX
	-794.156 -24.9026 -3.54602 -886.256 -70.9101 -528.456 XX

4294967226  1
4294967233  1
4294967263  1
4294967270  1
4294967272  2
4294967279  1
4294967289  1
2  1
8  1
steps per frame 100  histogram count 9
