Input Global Data, end with "end"
CIRCLEPLOT bool true
DISTANCEPLOT bool true
PRINTDISTANCEDATA bool true
GLITCHESONLY bool false
PLOT 2doubles 3 4
PERTURBBY double 0.05
GLITCHLEVEL double -1.79769e+308
BOUNDARYWINDOW double 0.065
FRAMESPERPATH int 200
STEPSPERFRAME int 100
TRIALS int 10
ALLBLACK bool false
FILEPREFIX string 3-3
GRAPHSIZE int 0
BORDER int 0
PLOTSIZE int 0
CIRCLEPLOTSIZE int 2000
CIRCLERADIUS int 300
CIRCLESTROKEWIDTH int 30
G6LINEWIDTH int 3
DELONELINEWIDTH int 10
AXISWIDTH int 6
TICLENGTH int 20
VECTOR g6 
PERTURB g6Perturb 
MOVIEMODE MovieMode STAR
FOLLOWERMODE FollowerMode Follow
FIXRANDOMSEED fixRandomSeed true
RANDOMSEED int 19
TIMESTAMP bool true
END end 




minimum percent violation to report  -1.79769e+308


-19   test# 1    violation -30.4503%
Output File 3-3_2017-10-28.13_11_32.4823.svg
(1,3) 417.138   (2,3) 407.296   (1,3) 631.196
red 	83.3765 45.792 0.540074 -408.088 -883.051 -569.987 XX
red 	-27.6638 19.1064 2.34291 -40.7999 -131.043 -976.65 XX
red 	9.17761 -206.926 -117.581 -358.382 -64.2086 -328.52 XX
worst case -----------------     -41.1857%
worst case distances, (12), (13), (23)  385.085  481.393  613.716
	-51.4226 -813.361 -0.61372 -94.1323 -359.05 -354.762 XX
	-15.0324 -25.654 -2.39607 -44.522 -255.212 -998.446 XX
	-21.3903 -176.419 -172.539 -435.985 -94.7745 -387.599 XX



-19   test# 2    violation -9.32012%
Output File 3-3_2017-10-28.13_14_08.6784.svg
(1,3) 554.535   (2,3) 485.412   (1,3) 188.84
red 	-75.6566 46.8545 -47.6331 -927.237 -70.631 -217.02 XX
red 	103.072 32.8294 -64.5523 -523.578 -567.704 -725.927 XX
red 	19.9557 -58.885 -30.3823 -460.855 -421.092 -662.499 XX
worst case -----------------     -51.5079%
worst case distances, (12), (13), (23)  327.608  461.749  371.978
	-88.7281 -278.574 -174.466 -977.187 -1237.62 -1227.36 XX
	-0.507491 -197.196 -1354.56 -996.786 -140.712 -1505.35 XX
	-102.374 -104.676 -158.004 -841.346 -1603.08 -1052.71 XX

  0.00000   0.00000   0.00000   0.00000   0.00000   0.00000 


-19   test# 3    violation -24.78%
Output File 3-3_2017-10-28.13_16_48.3d6c.svg
(1,3) 405.911   (2,3) 165.639   (1,3) 214.046
red 	41.5227 22.2355 2.03675 -105.775 -815.18 -687.511 XX
red 	10.4805 25.4091 -25.33 -950.451 -223.511 -221.332 XX
red 	36.1932 52.8012 3.56706 -518.256 -203.157 -951.269 XX
worst case -----------------     -29.6002%
worst case distances, (12), (13), (23)  276.012  337.666  161.604
	-83.4477 -215.6 -6.04586 -55.2986 -693.368 -1316.69 XX
	-54.9044 -808.275 -4.54149 -62.0421 -349.477 -1105.52 XX
	-62.5657 -36.0675 -22.3614 -292.208 -1178.14 -697.489 XX



-19   test# 4    violation -13.8592%
Output File 3-3_2017-10-28.13_19_27.72ae.svg
(1,3) 151.709   (2,3) 198.612   (1,3) 275.246
red 	1.86141 117.147 27.7865 -1037.41 -213.534 -453.177 XX
red 	9.43884 -80.4035 24.2847 -881.997 -55.3072 -230.53 XX
red 	144.749 -8.79159 -61.8359 -140.625 -613.261 -894.04 XX
worst case -----------------     -35.6677%
worst case distances, (12), (13), (23)  427.106  162.444  417
	-10.8492 -103.267 -3.10458 -940.904 -10.855 -232.429 XX
	-21.629 -122.975 -302.569 -347.534 -35.5883 -653.282 XX
	-3.35891 -99.5031 -153.871 -902.305 -28.0161 -275.982 XX



-19   test# 5    violation -30.4161%
Output File 3-3_2017-10-28.13_21_58.5f90.svg
(1,3) 261.771   (2,3) 200.037   (1,3) 110.474
red 	61.8066 -17.391 148.415 -810.664 -818.713 -295.869 XX
red 	42.2167 -48.3853 -16.0847 -712.279 -350.425 -517.251 XX
red 	3.55396 -24.8055 70.7439 -665.963 -381.38 -684.964 XX
worst case -----------------     -13.2799%
worst case distances, (12), (13), (23)  437.705  102.796  393.036
	-369.498 -832.5 -112.292 -39.3738 -5.64121 -1075.96 XX
	-532.358 -822.029 -188.73 -32.077 -62.9692 -578.387 XX
	-433.837 -1048.98 -26.8416 -62.5793 -43.6902 -834.813 XX

  0.00000   0.00000   0.00000   0.00000   0.00000   0.00000 


-19   test# 6    violation -5.00325%
Output File 3-3_2017-10-28.13_24_30.6df1.svg
(1,3) 51.6722   (2,3) 188.048   (1,3) 203.042
red 	1.04532 9.05159 7.56389 -793.601 -9.51926 -639.169 XX
red 	-17.1394 -24.7928 4.93727 -740.678 -630.03 -31.522 XX
red 	-62.5288 34.4086 -44.6161 -829.435 -401.171 -62.8613 XX
worst case -----------------     -18.5105%
worst case distances, (12), (13), (23)  188.51  655.997  588.916
	-305.053 -18393.5 -123.432 -496.389 -15627.3 -911.483 XX
	-376.261 -18497.2 -86.2666 -489.153 -15492.8 -897.822 XX
	-289.445 -18431.2 -125.402 -469.035 -15160 -1369.19 XX



-19   test# 7    violation -30.6653%
Output File 3-3_2017-10-28.13_27_05.41bb.svg
(1,3) 386.011   (2,3) 357.514   (1,3) 124.773
red 	-4.73672 -27.4529 26.5324 -951.411 -303.536 -55.9446 XX
red 	45.3704 -20.0908 -23.5642 -11.468 -774.844 -671.674 XX
red 	-43.137 -5.76099 26.6025 -770.011 -182.374 -574.62 XX
worst case -----------------     -20.9677%
worst case distances, (12), (13), (23)  759.43  1132.01  609.94
	-50.2269 -63.199 -78.8968 -1760.49 -8.68371 -1502.56 XX
	-1315.19 -26.2573 -9.99806 -778.247 -17.1332 -1540.29 XX
	-1358.51 -47.3386 -10.0663 -955.18 -54.5052 -959.772 XX



-19   test# 8    violation -66.1565%
Output File 3-3_2017-10-28.13_29_42.1eb.svg
(1,3) 210.885   (2,3) 233.045   (1,3) 308.715
red 	187.859 3.21021 91.1934 -437.332 -743.13 -892.897 XX
red 	243.873 54.7654 -32.6756 -89.943 -767.381 -955.823 XX
red 	29.6814 64.376 1.30204 -950.546 -109.124 -530.858 XX
worst case -----------------     -41.0139%
worst case distances, (12), (13), (23)  496.044  359.4  340.091
	-21.4554 -431.903 -57.6683 -426.306 -32.1111 -555.669 XX
	-99.2324 -189.112 -20.1459 -232.312 -795.478 -572.236 XX
	-447.28 -29.2025 -313.529 -39.0693 -305.627 -776.566 XX



-19   test# 9    violation 8.04066%
Output File 3-3_2017-10-28.13_32_15.2ea6.svg
(1,3) 422.588   (2,3) 423.588   (1,3) 253.145
red 	-29.6238 -50.0357 1.78185 -77.0849 -152.664 -888.933 XX
red 	-58.1781 272.243 -25.9139 -549.48 -30.1159 -977.194 XX
red 	114.489 4.01879 14.7346 -33.9791 -889.143 -725.902 XX
worst case -----------------     -38.8979%
worst case distances, (12), (13), (23)  403.17  616.086  733.817
	-64.5283 -61.8156 -51.8278 -492.658 -112.06 -917.244 XX
	-281.626 -52.8577 -11.9923 -796.363 -30.5165 -1039.15 XX
	-63.687 -203.393 -24.686 -203.967 -205.015 -1435.27 XX



-19   test# 10    violation -56.7756%
Output File 3-3_2017-10-28.13_34_52.153c.svg
(1,3) 447.02   (2,3) 373.569   (1,3) 494.646
red 	70.9247 -35.3037 39.4008 -96.5763 -883.871 -637.085 XX
red 	5.76412 7.42879 -50.4929 -942.042 -85.754 -57.7752 XX
red 	-221.379 23.5266 -45.6382 -238.44 -192.441 -519.387 XX
worst case -----------------     -38.4888%
worst case distances, (12), (13), (23)  420.258  302.902  279.108
	-1069.71 -28.669 -63.5497 -56.9415 -114.395 -798.767 XX
	-14.8982 -35.3869 -1002.5 -554.682 -9.99594 -371.918 XX
	-172.254 -0.939956 -294.403 -19.1778 -746.261 -910.817 XX

4294967230  1
4294967240  1
4294967266  3
4294967272  1
4294967283  1
4294967287  1
4294967291  1
8  1
steps per frame 100  histogram count 8
