B4.h
BasisBase.h
CellInputData.h
ConstSingleton_T.h
D7.h
D7Dist.h
D7_boundary.h
D7_BoundaryList.h
D7_ClassifySubboundaries.h
D7_Subboundary.h
Delone.h
G6.h
LatticeConverter.h
LRL_Cell.h
LRL_CoordinateConversionMatrices.h
LRL_CreateFileName.h
LRL_inverse.h
LRL_MatrixBase.h
LRL_MaximaTools.h
LRL_MinMaxTools.h
LRL_RandTools.h
LRL_ReadLatticeData.h
LRL_StringTools.h
LRL_ToString.h
LRL_Vector3.h
MatB4.h
MatD7.h
MatG6.h
MatMN.h
MatN.h
MatS6.h
Niggli.h
rhrand.h
S6.h
S6Dist.h
Selling.h
stdafx.h
StoreResults.h
Theta.h
TNear.h
triple.h
VecN.h
